<?xml version="1.0" encoding="UTF-8"?>
<testng-results ignored="0" total="1" passed="1" failed="0" skipped="0">
  <reporter-output>
  </reporter-output>
  <suite started-at="2023-05-29T22:06:02 BST" name="Suite" finished-at="2023-05-29T22:06:14 BST" duration-ms="11981">
    <groups>
    </groups>
    <test started-at="2023-05-29T22:06:02 BST" name="This Test ran on Chrome" finished-at="2023-05-29T22:06:14 BST" duration-ms="11981">
      <class name="test.HotelTest">
        <test-method is-config="true" signature="before(java.lang.String)[pri:0, instance:test.HotelTest@693fe6c9]" started-at="2023-05-29T22:06:02 BST" name="before" finished-at="2023-05-29T22:06:07 BST" duration-ms="4751" status="PASS">
          <params>
            <param index="0">
              <value>
                <![CDATA[Chrome]]>
              </value>
            </param>
          </params>
          <reporter-output>
          </reporter-output>
        </test-method> <!-- before -->
        <test-method signature="testcase1()[pri:0, instance:test.HotelTest@693fe6c9]" started-at="2023-05-29T22:06:07 BST" name="testcase1" finished-at="2023-05-29T22:06:14 BST" duration-ms="7190" status="PASS">
          <reporter-output>
          </reporter-output>
        </test-method> <!-- testcase1 -->
        <test-method is-config="true" signature="after(org.testng.ITestResult)[pri:0, instance:test.HotelTest@693fe6c9]" started-at="2023-05-29T22:06:14 BST" name="after" finished-at="2023-05-29T22:06:14 BST" duration-ms="0" status="PASS">
          <params>
            <param index="0">
              <value>
                <![CDATA[[TestResult name=testcase1 status=SUCCESS method=HotelTest.testcase1()[pri:0, instance:test.HotelTest@693fe6c9] output={null}]]]>
              </value>
            </param>
          </params>
          <reporter-output>
          </reporter-output>
        </test-method> <!-- after -->
      </class> <!-- test.HotelTest -->
    </test> <!-- This Test ran on Chrome -->
  </suite> <!-- Suite -->
</testng-results>
